2020-12-17 17:31:41.590  INFO [springsongs-job-service,,,] 1584 --- [main] io.github.springsongs.Application        : No active profile set, falling back to default profiles: default
2020-12-17 17:31:41.612  INFO [springsongs-job-service,,,] 1584 --- [main] ConfigServletWebServerApplicationContext : Refreshing org.springframework.boot.web.servlet.context.AnnotationConfigServletWebServerApplicationContext@c7045b9: startup date [Thu Dec 17 17:31:41 CST 2020]; parent: org.springframework.context.annotation.AnnotationConfigApplicationContext@14cd1699
2020-12-17 17:31:42.365  INFO [springsongs-job-service,,,] 1584 --- [main] o.s.b.f.s.DefaultListableBeanFactory     : Overriding bean definition for bean 'dataSource' with a different definition: replacing [Root bean: class [null]; scope=refresh; abstract=false; lazyInit=false; autowireMode=3; dependencyCheck=0; autowireCandidate=false; primary=false; factoryBeanName=org.springframework.boot.autoconfigure.jdbc.DataSourceConfiguration$Hikari; factoryMethodName=dataSource; initMethodName=null; destroyMethodName=(inferred); defined in class path resource [org/springframework/boot/autoconfigure/jdbc/DataSourceConfiguration$Hikari.class]] with [Root bean: class [org.springframework.aop.scope.ScopedProxyFactoryBean]; scope=; abstract=false; lazyInit=false; autowireMode=0; dependencyCheck=0; autowireCandidate=true; primary=false; factoryBeanName=null; factoryMethodName=null; initMethodName=null; destroyMethodName=null; defined in BeanDefinition defined in class path resource [org/springframework/boot/autoconfigure/jdbc/DataSourceConfiguration$Hikari.class]]
2020-12-17 17:31:42.529  INFO [springsongs-job-service,,,] 1584 --- [main] o.s.cloud.context.scope.GenericScope     : BeanFactory id=5ce23501-eaa8-3766-b43d-b75dd40189c8
2020-12-17 17:31:42.547  INFO [springsongs-job-service,,,] 1584 --- [main] f.a.AutowiredAnnotationBeanPostProcessor : JSR-330 'javax.inject.Inject' annotation found and supported for autowiring
2020-12-17 17:31:42.771  INFO [springsongs-job-service,,,] 1584 --- [main] trationDelegate$BeanPostProcessorChecker : Bean 'org.springframework.transaction.annotation.ProxyTransactionManagementConfiguration' of type [org.springframework.transaction.annotation.ProxyTransactionManagementConfiguration$$EnhancerBySpringCGLIB$$f66f1a9f] is not eligible for getting processed by all BeanPostProcessors (for example: not eligible for auto-proxying)
2020-12-17 17:31:42.808  INFO [springsongs-job-service,,,] 1584 --- [main] trationDelegate$BeanPostProcessorChecker : Bean 'org.springframework.hateoas.config.HateoasConfiguration' of type [org.springframework.hateoas.config.HateoasConfiguration$$EnhancerBySpringCGLIB$$75ef67d1] is not eligible for getting processed by all BeanPostProcessors (for example: not eligible for auto-proxying)
2020-12-17 17:31:42.819  INFO [springsongs-job-service,,,] 1584 --- [main] trationDelegate$BeanPostProcessorChecker : Bean 'org.springframework.cloud.autoconfigure.ConfigurationPropertiesRebinderAutoConfiguration' of type [org.springframework.cloud.autoconfigure.ConfigurationPropertiesRebinderAutoConfiguration$$EnhancerBySpringCGLIB$$12891d9c] is not eligible for getting processed by all BeanPostProcessors (for example: not eligible for auto-proxying)
2020-12-17 17:31:43.384  INFO [springsongs-job-service,,,] 1584 --- [main] o.s.b.w.embedded.tomcat.TomcatWebServer  : Tomcat initialized with port(s): 9400 (http)
2020-12-17 17:31:43.404  INFO [springsongs-job-service,,,] 1584 --- [main] o.apache.catalina.core.StandardService   : Starting service [Tomcat]
2020-12-17 17:31:43.404  INFO [springsongs-job-service,,,] 1584 --- [main] org.apache.catalina.core.StandardEngine  : Starting Servlet Engine: Apache Tomcat/8.5.34
2020-12-17 17:31:43.408  INFO [springsongs-job-service,,,] 1584 --- [localhost-startStop-1] o.a.catalina.core.AprLifecycleListener   : The APR based Apache Tomcat Native library which allows optimal performance in production environments was not found on the java.library.path: [/Users/SpringSongs/Library/Java/Extensions:/Library/Java/Extensions:/Network/Library/Java/Extensions:/System/Library/Java/Extensions:/usr/lib/java:.]
2020-12-17 17:31:43.542  INFO [springsongs-job-service,,,] 1584 --- [localhost-startStop-1] o.a.c.c.C.[Tomcat].[localhost].[/]       : Initializing Spring embedded WebApplicationContext
2020-12-17 17:31:43.545  INFO [springsongs-job-service,,,] 1584 --- [localhost-startStop-1] o.s.web.context.ContextLoader            : Root WebApplicationContext: initialization completed in 1933 ms
2020-12-17 17:31:43.605  WARN [springsongs-job-service,,,] 1584 --- [localhost-startStop-1] c.n.c.sources.URLConfigurationSource     : No URLs will be polled as dynamic configuration sources.
2020-12-17 17:31:43.606  INFO [springsongs-job-service,,,] 1584 --- [localhost-startStop-1] c.n.c.sources.URLConfigurationSource     : To enable URLs as dynamic configuration sources, define System property archaius.configurationSource.additionalUrls or make config.properties available on classpath.
2020-12-17 17:31:43.612  INFO [springsongs-job-service,,,] 1584 --- [localhost-startStop-1] c.netflix.config.DynamicPropertyFactory  : DynamicPropertyFactory is initialized with configuration sources: com.netflix.config.ConcurrentCompositeConfiguration@2ffdd393
2020-12-17 17:31:45.041  INFO [springsongs-job-service,,,] 1584 --- [localhost-startStop-1] o.s.b.w.servlet.FilterRegistrationBean   : Mapping filter: 'characterEncodingFilter' to: [/*]
2020-12-17 17:31:45.041  INFO [springsongs-job-service,,,] 1584 --- [localhost-startStop-1] o.s.b.w.servlet.FilterRegistrationBean   : Mapping filter: 'webMvcMetricsFilter' to: [/*]
2020-12-17 17:31:45.042  INFO [springsongs-job-service,,,] 1584 --- [localhost-startStop-1] o.s.b.w.servlet.FilterRegistrationBean   : Mapping filter: 'tracingFilter' to: [/*]
2020-12-17 17:31:45.042  INFO [springsongs-job-service,,,] 1584 --- [localhost-startStop-1] o.s.b.w.servlet.FilterRegistrationBean   : Mapping filter: 'exceptionLoggingFilter' to: [/*]
2020-12-17 17:31:45.042  INFO [springsongs-job-service,,,] 1584 --- [localhost-startStop-1] o.s.b.w.servlet.FilterRegistrationBean   : Mapping filter: 'hiddenHttpMethodFilter' to: [/*]
2020-12-17 17:31:45.042  INFO [springsongs-job-service,,,] 1584 --- [localhost-startStop-1] o.s.b.w.servlet.FilterRegistrationBean   : Mapping filter: 'httpPutFormContentFilter' to: [/*]
2020-12-17 17:31:45.042  INFO [springsongs-job-service,,,] 1584 --- [localhost-startStop-1] o.s.b.w.servlet.FilterRegistrationBean   : Mapping filter: 'requestContextFilter' to: [/*]
2020-12-17 17:31:45.042  INFO [springsongs-job-service,,,] 1584 --- [localhost-startStop-1] o.s.b.w.servlet.FilterRegistrationBean   : Mapping filter: 'httpTraceFilter' to: [/*]
2020-12-17 17:31:45.042  INFO [springsongs-job-service,,,] 1584 --- [localhost-startStop-1] o.s.b.w.servlet.ServletRegistrationBean  : Servlet HystrixMetricsStreamServlet mapped to [/actuator/hystrix.stream]
2020-12-17 17:31:45.043  INFO [springsongs-job-service,,,] 1584 --- [localhost-startStop-1] o.s.b.w.servlet.ServletRegistrationBean  : Servlet dispatcherServlet mapped to [/]
2020-12-17 17:31:45.370  WARN [springsongs-job-service,,,] 1584 --- [main] c.n.c.sources.URLConfigurationSource     : No URLs will be polled as dynamic configuration sources.
2020-12-17 17:31:45.370  INFO [springsongs-job-service,,,] 1584 --- [main] c.n.c.sources.URLConfigurationSource     : To enable URLs as dynamic configuration sources, define System property archaius.configurationSource.additionalUrls or make config.properties available on classpath.
2020-12-17 17:31:45.464  INFO [springsongs-job-service,,,] 1584 --- [main] o.s.w.s.handler.SimpleUrlHandlerMapping  : Mapped URL path [/**/favicon.ico] onto handler of type [class org.springframework.web.servlet.resource.ResourceHttpRequestHandler]
2020-12-17 17:31:45.746  INFO [springsongs-job-service,,,] 1584 --- [main] s.w.s.m.m.a.RequestMappingHandlerAdapter : Looking for @ControllerAdvice: org.springframework.boot.web.servlet.context.AnnotationConfigServletWebServerApplicationContext@c7045b9: startup date [Thu Dec 17 17:31:41 CST 2020]; parent: org.springframework.context.annotation.AnnotationConfigApplicationContext@14cd1699
2020-12-17 17:31:45.848  INFO [springsongs-job-service,,,] 1584 --- [main] s.w.s.m.m.a.RequestMappingHandlerMapping : Mapped "{[/error]}" onto public org.springframework.http.ResponseEntity<java.util.Map<java.lang.String, java.lang.Object>> org.springframework.boot.autoconfigure.web.servlet.error.BasicErrorController.error(javax.servlet.http.HttpServletRequest)
2020-12-17 17:31:45.849  INFO [springsongs-job-service,,,] 1584 --- [main] s.w.s.m.m.a.RequestMappingHandlerMapping : Mapped "{[/error],produces=[text/html]}" onto public org.springframework.web.servlet.ModelAndView org.springframework.boot.autoconfigure.web.servlet.error.BasicErrorController.errorHtml(javax.servlet.http.HttpServletRequest,javax.servlet.http.HttpServletResponse)
2020-12-17 17:31:45.899  INFO [springsongs-job-service,,,] 1584 --- [main] o.s.w.s.handler.SimpleUrlHandlerMapping  : Mapped URL path [/webjars/**] onto handler of type [class org.springframework.web.servlet.resource.ResourceHttpRequestHandler]
2020-12-17 17:31:45.899  INFO [springsongs-job-service,,,] 1584 --- [main] o.s.w.s.handler.SimpleUrlHandlerMapping  : Mapped URL path [/**] onto handler of type [class org.springframework.web.servlet.resource.ResourceHttpRequestHandler]
2020-12-17 17:31:46.795  INFO [springsongs-job-service,,,] 1584 --- [main] o.s.b.a.e.web.EndpointLinksResolver      : Exposing 2 endpoint(s) beneath base path '/actuator'
2020-12-17 17:31:46.804  INFO [springsongs-job-service,,,] 1584 --- [main] s.b.a.e.w.s.WebMvcEndpointHandlerMapping : Mapped "{[/actuator/health],methods=[GET],produces=[application/vnd.spring-boot.actuator.v2+json || application/json]}" onto public java.lang.Object org.springframework.boot.actuate.endpoint.web.servlet.AbstractWebMvcEndpointHandlerMapping$OperationHandler.handle(javax.servlet.http.HttpServletRequest,java.util.Map<java.lang.String, java.lang.String>)
2020-12-17 17:31:46.805  INFO [springsongs-job-service,,,] 1584 --- [main] s.b.a.e.w.s.WebMvcEndpointHandlerMapping : Mapped "{[/actuator/info],methods=[GET],produces=[application/vnd.spring-boot.actuator.v2+json || application/json]}" onto public java.lang.Object org.springframework.boot.actuate.endpoint.web.servlet.AbstractWebMvcEndpointHandlerMapping$OperationHandler.handle(javax.servlet.http.HttpServletRequest,java.util.Map<java.lang.String, java.lang.String>)
2020-12-17 17:31:46.806  INFO [springsongs-job-service,,,] 1584 --- [main] s.b.a.e.w.s.WebMvcEndpointHandlerMapping : Mapped "{[/actuator],methods=[GET],produces=[application/vnd.spring-boot.actuator.v2+json || application/json]}" onto protected java.util.Map<java.lang.String, java.util.Map<java.lang.String, org.springframework.boot.actuate.endpoint.web.Link>> org.springframework.boot.actuate.endpoint.web.servlet.WebMvcEndpointHandlerMapping.links(javax.servlet.http.HttpServletRequest,javax.servlet.http.HttpServletResponse)
2020-12-17 17:31:46.866  INFO [springsongs-job-service,,,] 1584 --- [main] o.s.j.e.a.AnnotationMBeanExporter        : Registering beans for JMX exposure on startup
2020-12-17 17:31:46.867  INFO [springsongs-job-service,,,] 1584 --- [main] o.s.j.e.a.AnnotationMBeanExporter        : Bean with name 'dataSource' has been autodetected for JMX exposure
2020-12-17 17:31:46.875  INFO [springsongs-job-service,,,] 1584 --- [main] o.s.j.e.a.AnnotationMBeanExporter        : Bean with name 'environmentManager' has been autodetected for JMX exposure
2020-12-17 17:31:46.876  INFO [springsongs-job-service,,,] 1584 --- [main] o.s.j.e.a.AnnotationMBeanExporter        : Bean with name 'refreshScope' has been autodetected for JMX exposure
2020-12-17 17:31:46.878  INFO [springsongs-job-service,,,] 1584 --- [main] o.s.j.e.a.AnnotationMBeanExporter        : Bean with name 'configurationPropertiesRebinder' has been autodetected for JMX exposure
2020-12-17 17:31:46.882  INFO [springsongs-job-service,,,] 1584 --- [main] o.s.j.e.a.AnnotationMBeanExporter        : Located managed bean 'environmentManager': registering with JMX server as MBean [org.springframework.cloud.context.environment:name=environmentManager,type=EnvironmentManager]
2020-12-17 17:31:46.888  INFO [springsongs-job-service,,,] 1584 --- [main] o.s.j.e.a.AnnotationMBeanExporter        : Located managed bean 'refreshScope': registering with JMX server as MBean [org.springframework.cloud.context.scope.refresh:name=refreshScope,type=RefreshScope]
2020-12-17 17:31:46.895  INFO [springsongs-job-service,,,] 1584 --- [main] o.s.j.e.a.AnnotationMBeanExporter        : Located managed bean 'configurationPropertiesRebinder': registering with JMX server as MBean [org.springframework.cloud.context.properties:name=configurationPropertiesRebinder,context=c7045b9,type=ConfigurationPropertiesRebinder]
2020-12-17 17:31:46.900  INFO [springsongs-job-service,,,] 1584 --- [main] o.s.j.e.a.AnnotationMBeanExporter        : Located MBean 'dataSource': registering with JMX server as MBean [com.zaxxer.hikari:name=dataSource,type=HikariDataSource]
2020-12-17 17:31:46.907  INFO [springsongs-job-service,,,] 1584 --- [main] o.s.c.support.DefaultLifecycleProcessor  : Starting beans in phase 0
2020-12-17 17:31:46.924  INFO [springsongs-job-service,,,] 1584 --- [main] o.s.c.n.eureka.InstanceInfoFactory       : Setting initial instance status as: STARTING
2020-12-17 17:31:46.949  INFO [springsongs-job-service,,,] 1584 --- [main] com.netflix.discovery.DiscoveryClient    : Initializing Eureka in region us-east-1
2020-12-17 17:31:47.149  INFO [springsongs-job-service,,,] 1584 --- [main] c.n.d.provider.DiscoveryJerseyProvider   : Using JSON encoding codec LegacyJacksonJson
2020-12-17 17:31:47.149  INFO [springsongs-job-service,,,] 1584 --- [main] c.n.d.provider.DiscoveryJerseyProvider   : Using JSON decoding codec LegacyJacksonJson
2020-12-17 17:31:47.234  INFO [springsongs-job-service,,,] 1584 --- [main] c.n.d.provider.DiscoveryJerseyProvider   : Using XML encoding codec XStreamXml
2020-12-17 17:31:47.234  INFO [springsongs-job-service,,,] 1584 --- [main] c.n.d.provider.DiscoveryJerseyProvider   : Using XML decoding codec XStreamXml
2020-12-17 17:31:47.415  INFO [springsongs-job-service,,,] 1584 --- [main] c.n.d.s.r.aws.ConfigClusterResolver      : Resolving eureka endpoints via configuration
2020-12-17 17:31:47.427  INFO [springsongs-job-service,,,] 1584 --- [main] com.netflix.discovery.DiscoveryClient    : Disable delta property : false
2020-12-17 17:31:47.427  INFO [springsongs-job-service,,,] 1584 --- [main] com.netflix.discovery.DiscoveryClient    : Single vip registry refresh property : null
2020-12-17 17:31:47.427  INFO [springsongs-job-service,,,] 1584 --- [main] com.netflix.discovery.DiscoveryClient    : Force full registry fetch : false
2020-12-17 17:31:47.427  INFO [springsongs-job-service,,,] 1584 --- [main] com.netflix.discovery.DiscoveryClient    : Application is null : false
2020-12-17 17:31:47.427  INFO [springsongs-job-service,,,] 1584 --- [main] com.netflix.discovery.DiscoveryClient    : Registered Applications size is zero : true
2020-12-17 17:31:47.427  INFO [springsongs-job-service,,,] 1584 --- [main] com.netflix.discovery.DiscoveryClient    : Application version is -1: true
2020-12-17 17:31:47.427  INFO [springsongs-job-service,,,] 1584 --- [main] com.netflix.discovery.DiscoveryClient    : Getting all instance registry info from the eureka server
2020-12-17 17:31:47.547  INFO [springsongs-job-service,,,] 1584 --- [main] com.netflix.discovery.DiscoveryClient    : The response status is 200
2020-12-17 17:31:47.550  INFO [springsongs-job-service,,,] 1584 --- [main] com.netflix.discovery.DiscoveryClient    : Starting heartbeat executor: renew interval is: 5
2020-12-17 17:31:47.553  INFO [springsongs-job-service,,,] 1584 --- [main] c.n.discovery.InstanceInfoReplicator     : InstanceInfoReplicator onDemand update allowed rate per min is 4
2020-12-17 17:31:47.556  INFO [springsongs-job-service,,,] 1584 --- [main] com.netflix.discovery.DiscoveryClient    : Discovery Client initialized at timestamp 1608197507555 with initial instances count: 1
2020-12-17 17:31:47.565  INFO [springsongs-job-service,,,] 1584 --- [main] o.s.c.n.e.s.EurekaServiceRegistry        : Registering application SPRINGSONGS-JOB-SERVICE with eureka with status UP
2020-12-17 17:31:47.566  INFO [springsongs-job-service,,,] 1584 --- [main] com.netflix.discovery.DiscoveryClient    : Saw local status change event StatusChangeEvent [timestamp=1608197507566, current=UP, previous=STARTING]
2020-12-17 17:31:47.568  INFO [springsongs-job-service,,,] 1584 --- [DiscoveryClient-InstanceInfoReplicator-0] com.netflix.discovery.DiscoveryClient    : DiscoveryClient_SPRINGSONGS-JOB-SERVICE/192.168.1.100:springsongs-job-service:9400: registering service...
2020-12-17 17:31:47.614  INFO [springsongs-job-service,,,] 1584 --- [DiscoveryClient-InstanceInfoReplicator-0] com.netflix.discovery.DiscoveryClient    : DiscoveryClient_SPRINGSONGS-JOB-SERVICE/192.168.1.100:springsongs-job-service:9400 - registration status: 204
2020-12-17 17:31:47.653  INFO [springsongs-job-service,,,] 1584 --- [main] o.s.b.w.embedded.tomcat.TomcatWebServer  : Tomcat started on port(s): 9400 (http) with context path ''
2020-12-17 17:31:47.654  INFO [springsongs-job-service,,,] 1584 --- [main] .s.c.n.e.s.EurekaAutoServiceRegistration : Updating port to 9400
2020-12-17 17:31:47.658  INFO [springsongs-job-service,,,] 1584 --- [main] io.github.springsongs.Application        : Started Application in 6.897 seconds (JVM running for 7.487)
2020-12-17 17:31:57.271  INFO [springsongs-job-service,,,] 1584 --- [RMI TCP Connection(7)-127.0.0.1] inMXBeanRegistrar$SpringApplicationAdmin : Application shutdown requested.
2020-12-17 17:31:57.272  INFO [springsongs-job-service,,,] 1584 --- [RMI TCP Connection(7)-127.0.0.1] ConfigServletWebServerApplicationContext : Closing org.springframework.boot.web.servlet.context.AnnotationConfigServletWebServerApplicationContext@c7045b9: startup date [Thu Dec 17 17:31:41 CST 2020]; parent: org.springframework.context.annotation.AnnotationConfigApplicationContext@14cd1699
2020-12-17 17:31:57.274  INFO [springsongs-job-service,,,] 1584 --- [RMI TCP Connection(7)-127.0.0.1] o.s.c.n.e.s.EurekaServiceRegistry        : Unregistering application SPRINGSONGS-JOB-SERVICE with eureka with status DOWN
2020-12-17 17:31:57.274  WARN [springsongs-job-service,,,] 1584 --- [RMI TCP Connection(7)-127.0.0.1] com.netflix.discovery.DiscoveryClient    : Saw local status change event StatusChangeEvent [timestamp=1608197517274, current=DOWN, previous=UP]
2020-12-17 17:31:57.274  INFO [springsongs-job-service,,,] 1584 --- [DiscoveryClient-InstanceInfoReplicator-0] com.netflix.discovery.DiscoveryClient    : DiscoveryClient_SPRINGSONGS-JOB-SERVICE/192.168.1.100:springsongs-job-service:9400: registering service...
2020-12-17 17:31:57.276  INFO [springsongs-job-service,,,] 1584 --- [RMI TCP Connection(7)-127.0.0.1] o.s.c.support.DefaultLifecycleProcessor  : Stopping beans in phase 0
2020-12-17 17:31:57.279  INFO [springsongs-job-service,,,] 1584 --- [RMI TCP Connection(7)-127.0.0.1] o.s.j.e.a.AnnotationMBeanExporter        : Unregistering JMX-exposed beans on shutdown
2020-12-17 17:31:57.280  INFO [springsongs-job-service,,,] 1584 --- [RMI TCP Connection(7)-127.0.0.1] o.s.j.e.a.AnnotationMBeanExporter        : Unregistering JMX-exposed beans
2020-12-17 17:31:57.281  INFO [springsongs-job-service,,,] 1584 --- [DiscoveryClient-InstanceInfoReplicator-0] com.netflix.discovery.DiscoveryClient    : DiscoveryClient_SPRINGSONGS-JOB-SERVICE/192.168.1.100:springsongs-job-service:9400 - registration status: 204
2020-12-17 17:31:58.125  INFO [springsongs-job-service,,,] 1584 --- [AsyncReporter{org.springframework.cloud.sleuth.zipkin2.sender.RestTemplateSender@68662afc}] s.c.a.AnnotationConfigApplicationContext : Refreshing SpringClientFactory-localhost: startup date [Thu Dec 17 17:31:58 CST 2020]; parent: org.springframework.boot.web.servlet.context.AnnotationConfigServletWebServerApplicationContext@c7045b9
2020-12-17 17:31:58.167  INFO [springsongs-job-service,,,] 1584 --- [AsyncReporter{org.springframework.cloud.sleuth.zipkin2.sender.RestTemplateSender@68662afc}] f.a.AutowiredAnnotationBeanPostProcessor : JSR-330 'javax.inject.Inject' annotation found and supported for autowiring
2020-12-17 17:31:58.195  WARN [springsongs-job-service,,,] 1584 --- [AsyncReporter{org.springframework.cloud.sleuth.zipkin2.sender.RestTemplateSender@68662afc}] s.c.a.AnnotationConfigApplicationContext : Exception encountered during context initialization - cancelling refresh attempt: org.springframework.beans.factory.UnsatisfiedDependencyException: Error creating bean with name 'eurekaRibbonClientConfiguration': Unsatisfied dependency expressed through field 'eurekaConfig'; nested exception is org.springframework.beans.factory.BeanCreationNotAllowedException: Error creating bean with name 'eurekaInstanceConfigBean': Singleton bean creation not allowed while singletons of this factory are in destruction (Do not request a bean from a BeanFactory in a destroy method implementation!)
2020-12-17 17:31:58.196  INFO [springsongs-job-service,,,] 1584 --- [RMI TCP Connection(7)-127.0.0.1] com.netflix.discovery.DiscoveryClient    : Shutting down DiscoveryClient ...
2020-12-17 17:31:58.199  WARN [springsongs-job-service,,,] 1584 --- [RMI TCP Connection(7)-127.0.0.1] .s.c.a.CommonAnnotationBeanPostProcessor : Invocation of destroy method failed on bean with name 'scopedTarget.eurekaClient': org.springframework.beans.factory.BeanCreationNotAllowedException: Error creating bean with name 'eurekaInstanceConfigBean': Singleton bean creation not allowed while singletons of this factory are in destruction (Do not request a bean from a BeanFactory in a destroy method implementation!)
2020-12-17 17:31:58.253  INFO [springsongs-job-service,,,] 1584 --- [RMI TCP Connection(7)-127.0.0.1] o.apache.catalina.core.StandardService   : Stopping service [Tomcat]
2020-12-17 17:31:58.257  WARN [springsongs-job-service,,,] 1584 --- [localhost-startStop-2] o.a.c.loader.WebappClassLoaderBase       : The web application [ROOT] appears to have started a thread named [RxIoScheduler-1 (Evictor)] but has failed to stop it. This is very likely to create a memory leak. Stack trace of thread:
 sun.misc.Unsafe.park(Native Method)
 java.util.concurrent.locks.LockSupport.parkNanos(LockSupport.java:215)
 java.util.concurrent.locks.AbstractQueuedSynchronizer$ConditionObject.awaitNanos(AbstractQueuedSynchronizer.java:2078)
 java.util.concurrent.ScheduledThreadPoolExecutor$DelayedWorkQueue.take(ScheduledThreadPoolExecutor.java:1093)
 java.util.concurrent.ScheduledThreadPoolExecutor$DelayedWorkQueue.take(ScheduledThreadPoolExecutor.java:809)
 java.util.concurrent.ThreadPoolExecutor.getTask(ThreadPoolExecutor.java:1074)
 java.util.concurrent.ThreadPoolExecutor.runWorker(ThreadPoolExecutor.java:1134)
 java.util.concurrent.ThreadPoolExecutor$Worker.run(ThreadPoolExecutor.java:624)
 java.lang.Thread.run(Thread.java:748)
